<?xml version="1.0" encoding="utf-8"?><testsuites name="pytest tests"><testsuite name="pytest" errors="0" failures="1" skipped="0" tests="14" time="6.142" timestamp="2026-09-14T12:11:41.096178+00:00" hostname="agent-env-b6e41dc0-640e-47d1-bacd-d2da2678a9bc"><testcase classname="tests.test_auth_timeout_fix.TestAuthConnect" name="test_connect_returns_200_fast_with_token_and_user" time="0.409" /><testcase classname="tests.test_auth_timeout_fix.TestUsername" name="test_set_valid_username_200" time="0.512" /><testcase classname="tests.test_auth_timeout_fix.TestAuthConnect" name="test_connect_invalid_address_400" time="0.142" /><testcase classname="tests.test_auth_timeout_fix.TestAuthConnect" name="test_connect_10_new_addresses_no_hang_no_5xx" time="4.731"><failure message="AssertionError: max latency 3.69s exceeds 3.0s&#10;assert 3.694005012512207 &lt; 3.0">backend/tests/test_auth_timeout_fix.py:72: in test_connect_10_new_addresses_no_hang_no_5xx
    assert max_l &lt; FAST_THRESHOLD_S, f"max latency {max_l:.2f}s exceeds {FAST_THRESHOLD_S}s"
E   AssertionError: max latency 3.69s exceeds 3.0s
E   assert 3.694005012512207 &lt; 3.0</failure></testcase><testcase classname="tests.test_auth_timeout_fix.TestUsername" name="test_duplicate_username_409" time="0.183" /><testcase classname="tests.test_auth_timeout_fix.TestUsername" name="test_invalid_username_400[ab]" time="0.131" /><testcase classname="tests.test_auth_timeout_fix.TestUsername" name="test_invalid_username_400[with space]" time="0.127" /><testcase classname="tests.test_auth_timeout_fix.TestUsername" name="test_invalid_username_400[toolongusername_xxxxx]" time="0.087" /><testcase classname="tests.test_auth_timeout_fix.TestUsername" name="test_invalid_username_400[bad-char!]" time="0.085" /><testcase classname="tests.test_auth_timeout_fix.TestNftStatus" name="test_nft_status_returns_valid_json" time="0.665" /><testcase classname="tests.test_auth_timeout_fix.TestNftStatus" name="test_nft_status_invalid_address_400" time="0.096" /><testcase classname="tests.test_auth_timeout_fix.TestLeaderboard" name="test_leaderboard_200_valid_json" time="0.089" /><testcase classname="tests.test_auth_timeout_fix.TestMe" name="test_me_returns_200_fast" time="0.247" /><testcase classname="tests.test_auth_timeout_fix.TestMe" name="test_me_no_token_401" time="0.103" /></testsuite></testsuites>